#-----------------------------------------------------------
# Vivado v2019.2 (64-bit)
# SW Build 2708876 on Wed Nov  6 21:40:23 MST 2019
# IP Build 2700528 on Thu Nov  7 00:09:20 MST 2019
# Start of session at: Wed Jun 12 15:37:55 2024
# Process ID: 6976
# Current directory: C:/JW/SOC_/Vivado_WorkSpace/Basys3_SOC
# Command line: vivado.exe -gui_launcher_event rodinguilauncherevent6408 C:\JW\SOC_\Vivado_WorkSpace\Basys3_SOC\Basys3_SOC.xpr
# Log file: C:/JW/SOC_/Vivado_WorkSpace/Basys3_SOC/vivado.log
# Journal file: C:/JW/SOC_/Vivado_WorkSpace/Basys3_SOC\vivado.jou
#-----------------------------------------------------------
start_gui
open_project C:/JW/SOC_/Vivado_WorkSpace/Basys3_SOC/Basys3_SOC.xpr
Scanning sources...
Finished scanning sources
INFO: [IP_Flow 19-234] Refreshing IP repositories
INFO: [IP_Flow 19-1704] No user IP repositories specified
INFO: [IP_Flow 19-2313] Loaded Vivado IP repository 'C:/Xilinx/Vivado/2019.2/data/ip'.
open_project: Time (s): cpu = 00:00:18 ; elapsed = 00:00:15 . Memory (MB): peak = 1070.988 ; gain = 276.887
update_compile_order -fileset sources_1
exit
INFO: [Common 17-206] Exiting Vivado at Wed Jun 12 16:03:39 2024...
