#-----------------------------------------------------------
# Vivado v2019.2 (64-bit)
# SW Build 2708876 on Wed Nov  6 21:40:23 MST 2019
# IP Build 2700528 on Thu Nov  7 00:09:20 MST 2019
# Start of session at: Fri Aug 23 08:39:06 2024
# Process ID: 1180
# Current directory: C:/Users/minkyu/Documents/GitHub/SOC_Design_VerilogPractice/Basys3_SOC
# Command line: vivado.exe -gui_launcher_event rodinguilauncherevent8800 C:\Users\minkyu\Documents\GitHub\SOC_Design_VerilogPractice\Basys3_SOC\Basys3_SOC.xpr
# Log file: C:/Users/minkyu/Documents/GitHub/SOC_Design_VerilogPractice/Basys3_SOC/vivado.log
# Journal file: C:/Users/minkyu/Documents/GitHub/SOC_Design_VerilogPractice/Basys3_SOC\vivado.jou
#-----------------------------------------------------------
start_gui
open_project C:/Users/minkyu/Documents/GitHub/SOC_Design_VerilogPractice/Basys3_SOC/Basys3_SOC.xpr
Scanning sources...
Finished scanning sources
INFO: [IP_Flow 19-234] Refreshing IP repositories
INFO: [IP_Flow 19-1704] No user IP repositories specified
INFO: [IP_Flow 19-2313] Loaded Vivado IP repository 'C:/Xilinx/Vivado/2019.2/data/ip'.
open_project: Time (s): cpu = 00:00:25 ; elapsed = 00:00:19 . Memory (MB): peak = 1108.742 ; gain = 466.562
reset_run synth_1
launch_runs impl_1 -to_step write_bitstream -jobs 4
[Fri Aug 23 09:34:09 2024] Launched synth_1...
Run output will be captured here: C:/Users/minkyu/Documents/GitHub/SOC_Design_VerilogPractice/Basys3_SOC/Basys3_SOC.runs/synth_1/runme.log
[Fri Aug 23 09:34:09 2024] Launched impl_1...
Run output will be captured here: C:/Users/minkyu/Documents/GitHub/SOC_Design_VerilogPractice/Basys3_SOC/Basys3_SOC.runs/impl_1/runme.log
open_hw_manager
connect_hw_server -allow_non_jtag
INFO: [Labtools 27-2285] Connecting to hw_server url TCP:localhost:3121
INFO: [Labtools 27-2222] Launching hw_server...
INFO: [Labtools 27-2221] Launch Output:

****** Xilinx hw_server v2019.2
  **** Build date : Nov  6 2019 at 22:12:23
    ** Copyright 1986-2019 Xilinx, Inc. All Rights Reserved.


INFO: [Labtools 27-3415] Connecting to cs_server url TCP:localhost:3042
INFO: [Labtools 27-3417] Launching cs_server...
INFO: [Labtools 27-2221] Launch Output:


****** Xilinx cs_server v2019.2.0
  **** Build date : Nov 07 2019-14:28:22
    ** Copyright 2017-2019 Xilinx, Inc. All Rights Reserved.



connect_hw_server: Time (s): cpu = 00:00:01 ; elapsed = 00:00:08 . Memory (MB): peak = 1163.719 ; gain = 2.305
open_hw_target
INFO: [Labtoolstcl 44-466] Opening hw_target localhost:3121/xilinx_tcf/Digilent/210183BB7F95A
open_hw_target: Time (s): cpu = 00:00:06 ; elapsed = 00:00:06 . Memory (MB): peak = 2404.031 ; gain = 1240.312
set_property PROGRAM.FILE {C:/Users/minkyu/Documents/GitHub/SOC_Design_VerilogPractice/Basys3_SOC/Basys3_SOC.runs/impl_1/I2C_txtLCD_top.bit} [get_hw_devices xc7a35t_0]
current_hw_device [get_hw_devices xc7a35t_0]
refresh_hw_device -update_hw_probes false [lindex [get_hw_devices xc7a35t_0] 0]
INFO: [Labtools 27-1434] Device xc7a35t (JTAG device index = 0) is programmed with a design that has no supported debug core(s) in it.
set_property PROBES.FILE {} [get_hw_devices xc7a35t_0]
set_property FULL_PROBES.FILE {} [get_hw_devices xc7a35t_0]
set_property PROGRAM.FILE {C:/Users/minkyu/Documents/GitHub/SOC_Design_VerilogPractice/Basys3_SOC/Basys3_SOC.runs/impl_1/I2C_txtLCD_top.bit} [get_hw_devices xc7a35t_0]
program_hw_devices [get_hw_devices xc7a35t_0]
INFO: [Labtools 27-3164] End of startup status: HIGH
refresh_hw_device [lindex [get_hw_devices xc7a35t_0] 0]
INFO: [Labtools 27-1434] Device xc7a35t (JTAG device index = 0) is programmed with a design that has no supported debug core(s) in it.
reset_run synth_1
launch_runs impl_1 -to_step write_bitstream -jobs 4
[Fri Aug 23 09:54:32 2024] Launched synth_1...
Run output will be captured here: C:/Users/minkyu/Documents/GitHub/SOC_Design_VerilogPractice/Basys3_SOC/Basys3_SOC.runs/synth_1/runme.log
[Fri Aug 23 09:54:32 2024] Launched impl_1...
Run output will be captured here: C:/Users/minkyu/Documents/GitHub/SOC_Design_VerilogPractice/Basys3_SOC/Basys3_SOC.runs/impl_1/runme.log
set_property PROBES.FILE {} [get_hw_devices xc7a35t_0]
set_property FULL_PROBES.FILE {} [get_hw_devices xc7a35t_0]
set_property PROGRAM.FILE {C:/Users/minkyu/Documents/GitHub/SOC_Design_VerilogPractice/Basys3_SOC/Basys3_SOC.runs/impl_1/I2C_txtLCD_top.bit} [get_hw_devices xc7a35t_0]
program_hw_devices [get_hw_devices xc7a35t_0]
INFO: [Labtools 27-3164] End of startup status: HIGH
refresh_hw_device [lindex [get_hw_devices xc7a35t_0] 0]
INFO: [Labtools 27-1434] Device xc7a35t (JTAG device index = 0) is programmed with a design that has no supported debug core(s) in it.
reset_run synth_1
launch_runs impl_1 -to_step write_bitstream -jobs 4
[Fri Aug 23 10:02:35 2024] Launched synth_1...
Run output will be captured here: C:/Users/minkyu/Documents/GitHub/SOC_Design_VerilogPractice/Basys3_SOC/Basys3_SOC.runs/synth_1/runme.log
[Fri Aug 23 10:02:35 2024] Launched impl_1...
Run output will be captured here: C:/Users/minkyu/Documents/GitHub/SOC_Design_VerilogPractice/Basys3_SOC/Basys3_SOC.runs/impl_1/runme.log
reset_run synth_1
close_hw_manager
launch_runs impl_1 -to_step write_bitstream -jobs 4
[Fri Aug 23 10:03:04 2024] Launched synth_1...
Run output will be captured here: C:/Users/minkyu/Documents/GitHub/SOC_Design_VerilogPractice/Basys3_SOC/Basys3_SOC.runs/synth_1/runme.log
[Fri Aug 23 10:03:04 2024] Launched impl_1...
Run output will be captured here: C:/Users/minkyu/Documents/GitHub/SOC_Design_VerilogPractice/Basys3_SOC/Basys3_SOC.runs/impl_1/runme.log
open_hw_manager
connect_hw_server -allow_non_jtag
INFO: [Labtools 27-2285] Connecting to hw_server url TCP:localhost:3121
INFO: [Labtools 27-2222] Launching hw_server...
INFO: [Labtools 27-2221] Launch Output:

****** Xilinx hw_server v2019.2
  **** Build date : Nov  6 2019 at 22:12:23
    ** Copyright 1986-2019 Xilinx, Inc. All Rights Reserved.


INFO: [Labtools 27-3415] Connecting to cs_server url TCP:localhost:3042
INFO: [Labtools 27-3417] Launching cs_server...
INFO: [Labtools 27-2221] Launch Output:


****** Xilinx cs_server v2019.2.0
  **** Build date : Nov 07 2019-14:28:22
    ** Copyright 2017-2019 Xilinx, Inc. All Rights Reserved.



connect_hw_server: Time (s): cpu = 00:00:00 ; elapsed = 00:00:09 . Memory (MB): peak = 2441.258 ; gain = 0.000
open_hw_target
INFO: [Labtoolstcl 44-466] Opening hw_target localhost:3121/xilinx_tcf/Digilent/210183BB7F95A
set_property PROGRAM.FILE {C:/Users/minkyu/Documents/GitHub/SOC_Design_VerilogPractice/Basys3_SOC/Basys3_SOC.runs/impl_1/I2C_txtLCD_top.bit} [get_hw_devices xc7a35t_0]
current_hw_device [get_hw_devices xc7a35t_0]
refresh_hw_device -update_hw_probes false [lindex [get_hw_devices xc7a35t_0] 0]
INFO: [Labtools 27-1434] Device xc7a35t (JTAG device index = 0) is programmed with a design that has no supported debug core(s) in it.
set_property PROBES.FILE {} [get_hw_devices xc7a35t_0]
set_property FULL_PROBES.FILE {} [get_hw_devices xc7a35t_0]
set_property PROGRAM.FILE {C:/Users/minkyu/Documents/GitHub/SOC_Design_VerilogPractice/Basys3_SOC/Basys3_SOC.runs/impl_1/I2C_txtLCD_top.bit} [get_hw_devices xc7a35t_0]
program_hw_devices [get_hw_devices xc7a35t_0]
INFO: [Labtools 27-3164] End of startup status: HIGH
refresh_hw_device [lindex [get_hw_devices xc7a35t_0] 0]
INFO: [Labtools 27-1434] Device xc7a35t (JTAG device index = 0) is programmed with a design that has no supported debug core(s) in it.
reset_run synth_1
launch_runs impl_1 -to_step write_bitstream -jobs 4
[Fri Aug 23 10:37:02 2024] Launched synth_1...
Run output will be captured here: C:/Users/minkyu/Documents/GitHub/SOC_Design_VerilogPractice/Basys3_SOC/Basys3_SOC.runs/synth_1/runme.log
[Fri Aug 23 10:37:02 2024] Launched impl_1...
Run output will be captured here: C:/Users/minkyu/Documents/GitHub/SOC_Design_VerilogPractice/Basys3_SOC/Basys3_SOC.runs/impl_1/runme.log
set_property PROBES.FILE {} [get_hw_devices xc7a35t_0]
set_property FULL_PROBES.FILE {} [get_hw_devices xc7a35t_0]
set_property PROGRAM.FILE {C:/Users/minkyu/Documents/GitHub/SOC_Design_VerilogPractice/Basys3_SOC/Basys3_SOC.runs/impl_1/I2C_txtLCD_top.bit} [get_hw_devices xc7a35t_0]
program_hw_devices [get_hw_devices xc7a35t_0]
INFO: [Labtools 27-3164] End of startup status: HIGH
refresh_hw_device [lindex [get_hw_devices xc7a35t_0] 0]
INFO: [Labtools 27-1434] Device xc7a35t (JTAG device index = 0) is programmed with a design that has no supported debug core(s) in it.
reset_run synth_1
launch_runs impl_1 -to_step write_bitstream -jobs 4
[Fri Aug 23 10:41:54 2024] Launched synth_1...
Run output will be captured here: C:/Users/minkyu/Documents/GitHub/SOC_Design_VerilogPractice/Basys3_SOC/Basys3_SOC.runs/synth_1/runme.log
[Fri Aug 23 10:41:54 2024] Launched impl_1...
Run output will be captured here: C:/Users/minkyu/Documents/GitHub/SOC_Design_VerilogPractice/Basys3_SOC/Basys3_SOC.runs/impl_1/runme.log
reset_run synth_1
launch_runs impl_1 -to_step write_bitstream -jobs 4
[Fri Aug 23 10:42:26 2024] Launched synth_1...
Run output will be captured here: C:/Users/minkyu/Documents/GitHub/SOC_Design_VerilogPractice/Basys3_SOC/Basys3_SOC.runs/synth_1/runme.log
[Fri Aug 23 10:42:26 2024] Launched impl_1...
Run output will be captured here: C:/Users/minkyu/Documents/GitHub/SOC_Design_VerilogPractice/Basys3_SOC/Basys3_SOC.runs/impl_1/runme.log
set_property PROBES.FILE {} [get_hw_devices xc7a35t_0]
set_property FULL_PROBES.FILE {} [get_hw_devices xc7a35t_0]
set_property PROGRAM.FILE {C:/Users/minkyu/Documents/GitHub/SOC_Design_VerilogPractice/Basys3_SOC/Basys3_SOC.runs/impl_1/I2C_txtLCD_top.bit} [get_hw_devices xc7a35t_0]
program_hw_devices [get_hw_devices xc7a35t_0]
INFO: [Labtools 27-3164] End of startup status: HIGH
refresh_hw_device [lindex [get_hw_devices xc7a35t_0] 0]
INFO: [Labtools 27-1434] Device xc7a35t (JTAG device index = 0) is programmed with a design that has no supported debug core(s) in it.
reset_run synth_1
launch_runs impl_1 -to_step write_bitstream -jobs 4
[Fri Aug 23 10:45:49 2024] Launched synth_1...
Run output will be captured here: C:/Users/minkyu/Documents/GitHub/SOC_Design_VerilogPractice/Basys3_SOC/Basys3_SOC.runs/synth_1/runme.log
[Fri Aug 23 10:45:49 2024] Launched impl_1...
Run output will be captured here: C:/Users/minkyu/Documents/GitHub/SOC_Design_VerilogPractice/Basys3_SOC/Basys3_SOC.runs/impl_1/runme.log
set_property PROBES.FILE {} [get_hw_devices xc7a35t_0]
set_property FULL_PROBES.FILE {} [get_hw_devices xc7a35t_0]
set_property PROGRAM.FILE {C:/Users/minkyu/Documents/GitHub/SOC_Design_VerilogPractice/Basys3_SOC/Basys3_SOC.runs/impl_1/I2C_txtLCD_top.bit} [get_hw_devices xc7a35t_0]
program_hw_devices [get_hw_devices xc7a35t_0]
INFO: [Labtools 27-3164] End of startup status: HIGH
refresh_hw_device [lindex [get_hw_devices xc7a35t_0] 0]
INFO: [Labtools 27-1434] Device xc7a35t (JTAG device index = 0) is programmed with a design that has no supported debug core(s) in it.
WARNING: [Board 49-26] cannot add Board Part em.avnet.com:ultra96:part0:1.2 available at C:/Users/minkyu/AppData/Roaming/Xilinx/Vivado/2019.2/xhub/board_store/XilinxBoardStore/Vivado/2019.2/boards/Avnet/ultra96/1.2/1.2/board.xml as part xczu3eg-sbva484-1-e specified in board_part file is either invalid or not available
WARNING: [Board 49-26] cannot add Board Part trenz.biz:te0803_2cg_1e:part0:1.0 available at C:/Users/minkyu/AppData/Roaming/Xilinx/Vivado/2019.2/xhub/board_store/XilinxBoardStore/Vivado/2019.2/boards/Trenz_Electronic/TE0803_2CG_1E/1.0/1.0/board.xml as part xczu2cg-sfvc784-1-e specified in board_part file is either invalid or not available
WARNING: [Board 49-26] cannot add Board Part trenz.biz:te0803_2cg_1e_tebf0808:part0:2.0 available at C:/Users/minkyu/AppData/Roaming/Xilinx/Vivado/2019.2/xhub/board_store/XilinxBoardStore/Vivado/2019.2/boards/Trenz_Electronic/TE0803_2CG_1E/2.0/2.0/board.xml as part xczu2cg-sfvc784-1-e specified in board_part file is either invalid or not available
WARNING: [Board 49-26] cannot add Board Part trenz.biz:te0803_2eg_1e:part0:1.0 available at C:/Users/minkyu/AppData/Roaming/Xilinx/Vivado/2019.2/xhub/board_store/XilinxBoardStore/Vivado/2019.2/boards/Trenz_Electronic/TE0803_2EG_1E/1.0/1.0/board.xml as part xczu2eg-sfvc784-1-e specified in board_part file is either invalid or not available
WARNING: [Board 49-26] cannot add Board Part trenz.biz:te0803_2eg_1e_tebf0808:part0:2.0 available at C:/Users/minkyu/AppData/Roaming/Xilinx/Vivado/2019.2/xhub/board_store/XilinxBoardStore/Vivado/2019.2/boards/Trenz_Electronic/TE0803_2EG_1E/2.0/2.0/board.xml as part xczu2eg-sfvc784-1-e specified in board_part file is either invalid or not available
WARNING: [Board 49-26] cannot add Board Part trenz.biz:te0803_3cg_1e:part0:1.0 available at C:/Users/minkyu/AppData/Roaming/Xilinx/Vivado/2019.2/xhub/board_store/XilinxBoardStore/Vivado/2019.2/boards/Trenz_Electronic/TE0803_3CG_1E/1.0/1.0/board.xml as part xczu3cg-sfvc784-1-e specified in board_part file is either invalid or not available
WARNING: [Board 49-26] cannot add Board Part trenz.biz:te0803_3cg_1e_tebf0808:part0:2.0 available at C:/Users/minkyu/AppData/Roaming/Xilinx/Vivado/2019.2/xhub/board_store/XilinxBoardStore/Vivado/2019.2/boards/Trenz_Electronic/TE0803_3CG_1E/2.0/2.0/board.xml as part xczu3cg-sfvc784-1-e specified in board_part file is either invalid or not available
WARNING: [Board 49-26] cannot add Board Part trenz.biz:te0803_3eg_1e:part0:1.0 available at C:/Users/minkyu/AppData/Roaming/Xilinx/Vivado/2019.2/xhub/board_store/XilinxBoardStore/Vivado/2019.2/boards/Trenz_Electronic/TE0803_3EG_1E/1.0/1.0/board.xml as part xczu3eg-sfvc784-1-e specified in board_part file is either invalid or not available
WARNING: [Board 49-26] cannot add Board Part trenz.biz:te0803_3eg_1e:part0:3.0 available at C:/Users/minkyu/AppData/Roaming/Xilinx/Vivado/2019.2/xhub/board_store/XilinxBoardStore/Vivado/2019.2/boards/Trenz_Electronic/TE0803_3EG_1E/3.0/3.0/board.xml as part xczu3eg-sfvc784-1-e specified in board_part file is either invalid or not available
WARNING: [Board 49-26] cannot add Board Part trenz.biz:te0803_3eg_1e_tebf0808:part0:2.0 available at C:/Users/minkyu/AppData/Roaming/Xilinx/Vivado/2019.2/xhub/board_store/XilinxBoardStore/Vivado/2019.2/boards/Trenz_Electronic/TE0803_3EG_1E/2.0/2.0/board.xml as part xczu3eg-sfvc784-1-e specified in board_part file is either invalid or not available
WARNING: [Board 49-26] cannot add Board Part trenz.biz:te0803_3eg_1e_tebf0808:part0:4.0 available at C:/Users/minkyu/AppData/Roaming/Xilinx/Vivado/2019.2/xhub/board_store/XilinxBoardStore/Vivado/2019.2/boards/Trenz_Electronic/TE0803_3EG_1E/4.0/4.0/board.xml as part xczu3eg-sfvc784-1-e specified in board_part file is either invalid or not available
WARNING: [Board 49-26] cannot add Board Part trenz.biz:te0803_4cg_1e:part0:1.0 available at C:/Users/minkyu/AppData/Roaming/Xilinx/Vivado/2019.2/xhub/board_store/XilinxBoardStore/Vivado/2019.2/boards/Trenz_Electronic/TE0803_4CG_1E/1.0/1.0/board.xml as part xczu4cg-sfvc784-1-e specified in board_part file is either invalid or not available
WARNING: [Board 49-26] cannot add Board Part trenz.biz:te0803_4cg_1e_tebf0808:part0:2.0 available at C:/Users/minkyu/AppData/Roaming/Xilinx/Vivado/2019.2/xhub/board_store/XilinxBoardStore/Vivado/2019.2/boards/Trenz_Electronic/TE0803_4CG_1E/2.0/2.0/board.xml as part xczu4cg-sfvc784-1-e specified in board_part file is either invalid or not available
WARNING: [Board 49-26] cannot add Board Part trenz.biz:te0803_4eg_1e:part0:1.0 available at C:/Users/minkyu/AppData/Roaming/Xilinx/Vivado/2019.2/xhub/board_store/XilinxBoardStore/Vivado/2019.2/boards/Trenz_Electronic/TE0803_4EG_1E/1.0/1.0/board.xml as part xczu4eg-sfvc784-1-e specified in board_part file is either invalid or not available
WARNING: [Board 49-26] cannot add Board Part trenz.biz:te0803_4eg_1e_tebf0808:part0:2.0 available at C:/Users/minkyu/AppData/Roaming/Xilinx/Vivado/2019.2/xhub/board_store/XilinxBoardStore/Vivado/2019.2/boards/Trenz_Electronic/TE0803_4EG_1E/2.0/2.0/board.xml as part xczu4eg-sfvc784-1-e specified in board_part file is either invalid or not available
WARNING: [Board 49-26] cannot add Board Part trenz.biz:te0803_4ev_1e:part0:1.0 available at C:/Users/minkyu/AppData/Roaming/Xilinx/Vivado/2019.2/xhub/board_store/XilinxBoardStore/Vivado/2019.2/boards/Trenz_Electronic/TE0803_4EV_1E/1.0/1.0/board.xml as part xczu4ev-sfvc784-1-e specified in board_part file is either invalid or not available
WARNING: [Board 49-26] cannot add Board Part trenz.biz:te0803_4ev_1e_tebf0808:part0:2.0 available at C:/Users/minkyu/AppData/Roaming/Xilinx/Vivado/2019.2/xhub/board_store/XilinxBoardStore/Vivado/2019.2/boards/Trenz_Electronic/TE0803_4EV_1E/2.0/2.0/board.xml as part xczu4ev-sfvc784-1-e specified in board_part file is either invalid or not available
WARNING: [Board 49-26] cannot add Board Part trenz.biz:te0803_5ev_1e:part0:1.0 available at C:/Users/minkyu/AppData/Roaming/Xilinx/Vivado/2019.2/xhub/board_store/XilinxBoardStore/Vivado/2019.2/boards/Trenz_Electronic/TE0803_5EV_1E/1.0/1.0/board.xml as part xczu5ev-sfvc784-1-e specified in board_part file is either invalid or not available
WARNING: [Board 49-26] cannot add Board Part trenz.biz:te0803_5ev_1e_tebf0808:part0:2.0 available at C:/Users/minkyu/AppData/Roaming/Xilinx/Vivado/2019.2/xhub/board_store/XilinxBoardStore/Vivado/2019.2/boards/Trenz_Electronic/TE0803_5EV_1E/2.0/2.0/board.xml as part xczu5ev-sfvc784-1-e specified in board_part file is either invalid or not available
WARNING: [Board 49-26] cannot add Board Part trenz.biz:te0803_5ev_1i:part0:1.0 available at C:/Users/minkyu/AppData/Roaming/Xilinx/Vivado/2019.2/xhub/board_store/XilinxBoardStore/Vivado/2019.2/boards/Trenz_Electronic/TE0803_5EV_1I/1.0/1.0/board.xml as part xczu5ev-sfvc784-1-i specified in board_part file is either invalid or not available
WARNING: [Board 49-26] cannot add Board Part trenz.biz:te0803_5ev_1i_tebf0808:part0:2.0 available at C:/Users/minkyu/AppData/Roaming/Xilinx/Vivado/2019.2/xhub/board_store/XilinxBoardStore/Vivado/2019.2/boards/Trenz_Electronic/TE0803_5EV_1I/2.0/2.0/board.xml as part xczu5ev-sfvc784-1-i specified in board_part file is either invalid or not available
WARNING: [Board 49-26] cannot add Board Part trenz.biz:te0808_15eg_1e:part0:3.0 available at C:/Users/minkyu/AppData/Roaming/Xilinx/Vivado/2019.2/xhub/board_store/XilinxBoardStore/Vivado/2019.2/boards/Trenz_Electronic/TE0808_15EG_1E/3.0/3.0/board.xml as part xczu15eg-ffvc900-1-e specified in board_part file is either invalid or not available
WARNING: [Board 49-26] cannot add Board Part trenz.biz:te0808_15eg_1e_tebf0808:part0:4.0 available at C:/Users/minkyu/AppData/Roaming/Xilinx/Vivado/2019.2/xhub/board_store/XilinxBoardStore/Vivado/2019.2/boards/Trenz_Electronic/TE0808_15EG_1E/4.0/4.0/board.xml as part xczu15eg-ffvc900-1-e specified in board_part file is either invalid or not available
WARNING: [Board 49-26] cannot add Board Part trenz.biz:te0808_6eg_1e:part0:3.0 available at C:/Users/minkyu/AppData/Roaming/Xilinx/Vivado/2019.2/xhub/board_store/XilinxBoardStore/Vivado/2019.2/boards/Trenz_Electronic/TE0808_6EG_1E/3.0/3.0/board.xml as part xczu6eg-ffvc900-1-e specified in board_part file is either invalid or not available
WARNING: [Board 49-26] cannot add Board Part trenz.biz:te0808_6eg_1e_tebf0808:part0:4.0 available at C:/Users/minkyu/AppData/Roaming/Xilinx/Vivado/2019.2/xhub/board_store/XilinxBoardStore/Vivado/2019.2/boards/Trenz_Electronic/TE0808_6EG_1E/4.0/4.0/board.xml as part xczu6eg-ffvc900-1-e specified in board_part file is either invalid or not available
WARNING: [Board 49-26] cannot add Board Part trenz.biz:te0820_2cg_1e:part0:1.0 available at C:/Users/minkyu/AppData/Roaming/Xilinx/Vivado/2019.2/xhub/board_store/XilinxBoardStore/Vivado/2019.2/boards/Trenz_Electronic/TE0820_2CG_1E/1.0/1.0/board.xml as part xczu2cg-sfvc784-1-e specified in board_part file is either invalid or not available
WARNING: [Board 49-26] cannot add Board Part trenz.biz:te0820_2eg_1e:part0:1.0 available at C:/Users/minkyu/AppData/Roaming/Xilinx/Vivado/2019.2/xhub/board_store/XilinxBoardStore/Vivado/2019.2/boards/Trenz_Electronic/TE0820_2EG_1E/1.0/1.0/board.xml as part xczu2eg-sfvc784-1-e specified in board_part file is either invalid or not available
WARNING: [Board 49-26] cannot add Board Part trenz.biz:te0820_2eg_1e:part0:2.0 available at C:/Users/minkyu/AppData/Roaming/Xilinx/Vivado/2019.2/xhub/board_store/XilinxBoardStore/Vivado/2019.2/boards/Trenz_Electronic/TE0820_2EG_1E/2.0/2.0/board.xml as part xczu2eg-sfvc784-1-e specified in board_part file is either invalid or not available
WARNING: [Board 49-26] cannot add Board Part trenz.biz:te0820_3cg_1e:part0:1.0 available at C:/Users/minkyu/AppData/Roaming/Xilinx/Vivado/2019.2/xhub/board_store/XilinxBoardStore/Vivado/2019.2/boards/Trenz_Electronic/TE0820_3CG_1E/1.0/1.0/board.xml as part xczu3cg-sfvc784-1-e specified in board_part file is either invalid or not available
WARNING: [Board 49-26] cannot add Board Part trenz.biz:te0820_3eg_1e:part0:1.0 available at C:/Users/minkyu/AppData/Roaming/Xilinx/Vivado/2019.2/xhub/board_store/XilinxBoardStore/Vivado/2019.2/boards/Trenz_Electronic/TE0820_3EG_1E/1.0/1.0/board.xml as part xczu3eg-sfvc784-1-e specified in board_part file is either invalid or not available
WARNING: [Board 49-26] cannot add Board Part trenz.biz:te0820_4cg_1e:part0:1.0 available at C:/Users/minkyu/AppData/Roaming/Xilinx/Vivado/2019.2/xhub/board_store/XilinxBoardStore/Vivado/2019.2/boards/Trenz_Electronic/TE0820_4CG_1E/1.0/1.0/board.xml as part xczu4cg-sfvc784-1-e specified in board_part file is either invalid or not available
WARNING: [Board 49-26] cannot add Board Part trenz.biz:tec0850_15eg_1e:part0:1.0 available at C:/Users/minkyu/AppData/Roaming/Xilinx/Vivado/2019.2/xhub/board_store/XilinxBoardStore/Vivado/2019.2/boards/Trenz_Electronic/TEC0850_15EG_1E/1.0/1.0/board.xml as part xczu15eg-ffvb1156-1-e specified in board_part file is either invalid or not available
WARNING: [Board 49-26] cannot add Board Part xilinx.com:au280_es1:part0:1.0 available at C:/Users/minkyu/AppData/Roaming/Xilinx/Vivado/2019.2/xhub/board_store/XilinxBoardStore/Vivado/2019.2/boards/Xilinx/au280/es1/1.0/1.0/board.xml as part xcu280-fsvh2892-2l-e-es1 specified in board_part file is either invalid or not available
WARNING: [Board 49-26] cannot add Board Part xilinx.com:au280_es1:part0:1.1 available at C:/Users/minkyu/AppData/Roaming/Xilinx/Vivado/2019.2/xhub/board_store/XilinxBoardStore/Vivado/2019.2/boards/Xilinx/au280/es1/1.1/1.1/board.xml as part xcu280-fsvh2892-2l-e-es1 specified in board_part file is either invalid or not available
WARNING: [Board 49-26] cannot add Board Part xilinx.com:kcu105:part0:1.6 available at C:/Users/minkyu/AppData/Roaming/Xilinx/Vivado/2019.2/xhub/board_store/XilinxBoardStore/Vivado/2019.2/boards/Xilinx/kcu105/1.6/1.6/board.xml as part xcku040-ffva1156-2-e specified in board_part file is either invalid or not available
WARNING: [Board 49-26] cannot add Board Part xilinx.com:kcu116:part0:1.4 available at C:/Users/minkyu/AppData/Roaming/Xilinx/Vivado/2019.2/xhub/board_store/XilinxBoardStore/Vivado/2019.2/boards/Xilinx/kcu116/1.4/1.4/board.xml as part xcku5p-ffvb676-2-e specified in board_part file is either invalid or not available
WARNING: [Board 49-26] cannot add Board Part xilinx.com:vcu108:part0:1.6 available at C:/Users/minkyu/AppData/Roaming/Xilinx/Vivado/2019.2/xhub/board_store/XilinxBoardStore/Vivado/2019.2/boards/Xilinx/vcu108/1.6/1.6/board.xml as part xcvu095-ffva2104-2-e specified in board_part file is either invalid or not available
WARNING: [Board 49-26] cannot add Board Part xilinx.com:vcu110:part0:1.4 available at C:/Users/minkyu/AppData/Roaming/Xilinx/Vivado/2019.2/xhub/board_store/XilinxBoardStore/Vivado/2019.2/boards/Xilinx/vcu110/1.4/1.4/board.xml as part xcvu190-flgc2104-2-e specified in board_part file is either invalid or not available
WARNING: [Board 49-26] cannot add Board Part xilinx.com:vcu128:part0:1.0 available at C:/Users/minkyu/AppData/Roaming/Xilinx/Vivado/2019.2/xhub/board_store/XilinxBoardStore/Vivado/2019.2/boards/Xilinx/vcu128/production/1.0/1.0/board.xml as part xcvu37p-fsvh2892-2l-e specified in board_part file is either invalid or not available
WARNING: [Board 49-26] cannot add Board Part xilinx.com:vcu128_es:part0:1.0 available at C:/Users/minkyu/AppData/Roaming/Xilinx/Vivado/2019.2/xhub/board_store/XilinxBoardStore/Vivado/2019.2/boards/Xilinx/vcu128/es/1.0/1.0/board.xml as part xcvu37p-fsvh2892-2l-e-es1 specified in board_part file is either invalid or not available
WARNING: [Board 49-26] cannot add Board Part xilinx.com:vcu128_es:part0:1.1 available at C:/Users/minkyu/AppData/Roaming/Xilinx/Vivado/2019.2/xhub/board_store/XilinxBoardStore/Vivado/2019.2/boards/Xilinx/vcu128/es/1.1/1.1/board.xml as part xcvu37p-fsvh2892-2l-e-es1 specified in board_part file is either invalid or not available
WARNING: [Board 49-26] cannot add Board Part xilinx.com:vcu129:part0:1.0 available at C:/Users/minkyu/AppData/Roaming/Xilinx/Vivado/2019.2/xhub/board_store/XilinxBoardStore/Vivado/2019.2/boards/Xilinx/vcu129/production/1.0/1.0/board.xml as part xcvu29p-fsga2577-2l-e specified in board_part file is either invalid or not available
WARNING: [Board 49-26] cannot add Board Part xilinx.com:vcu129_es:part0:1.0 available at C:/Users/minkyu/AppData/Roaming/Xilinx/Vivado/2019.2/xhub/board_store/XilinxBoardStore/Vivado/2019.2/boards/Xilinx/vcu129/es/1.0/1.0/board.xml as part xcvu29p-fsga2577-2l-e-es1 specified in board_part file is either invalid or not available
WARNING: [Board 49-26] cannot add Board Part xilinx.com:zcu111:part0:1.2 available at C:/Users/minkyu/AppData/Roaming/Xilinx/Vivado/2019.2/xhub/board_store/XilinxBoardStore/Vivado/2019.2/boards/Xilinx/zcu111/1.2/1.2/board.xml as part xczu28dr-ffvg1517-2-e specified in board_part file is either invalid or not available
WARNING: [Board 49-26] cannot add Board Part xilinx.com:zcu1275:part0:1.0 available at C:/Users/minkyu/AppData/Roaming/Xilinx/Vivado/2019.2/xhub/board_store/XilinxBoardStore/Vivado/2019.2/boards/Xilinx/zcu1275/1.0/1.0/board.xml as part xczu29dr-ffvf1760-2-e specified in board_part file is either invalid or not available
WARNING: [Board 49-26] cannot add Board Part xilinx.com:zcu1285:part0:1.0 available at C:/Users/minkyu/AppData/Roaming/Xilinx/Vivado/2019.2/xhub/board_store/XilinxBoardStore/Vivado/2019.2/boards/Xilinx/zcu1285/1.0/1.0/board.xml as part xczu39dr-ffvf1760-2-i specified in board_part file is either invalid or not available
WARNING: [Board 49-26] cannot add Board Part xilinx.com:zcu216_es:part0:1.0 available at C:/Users/minkyu/AppData/Roaming/Xilinx/Vivado/2019.2/xhub/board_store/XilinxBoardStore/Vivado/2019.2/boards/Xilinx/zcu216/1.0/1.0/board.xml as part xczu49dr-ffvf1760-2-e-es1 specified in board_part file is either invalid or not available
WARNING: [Board 49-26] cannot add Board Part em.avnet.com:ultra96:part0:1.2 available at C:/Users/minkyu/AppData/Roaming/Xilinx/Vivado/2019.2/xhub/board_store/XilinxBoardStore/Vivado/2019.2/boards/Avnet/ultra96/1.2/1.2/board.xml as part xczu3eg-sbva484-1-e specified in board_part file is either invalid or not available
WARNING: [Board 49-26] cannot add Board Part trenz.biz:te0803_2cg_1e:part0:1.0 available at C:/Users/minkyu/AppData/Roaming/Xilinx/Vivado/2019.2/xhub/board_store/XilinxBoardStore/Vivado/2019.2/boards/Trenz_Electronic/TE0803_2CG_1E/1.0/1.0/board.xml as part xczu2cg-sfvc784-1-e specified in board_part file is either invalid or not available
WARNING: [Board 49-26] cannot add Board Part trenz.biz:te0803_2cg_1e_tebf0808:part0:2.0 available at C:/Users/minkyu/AppData/Roaming/Xilinx/Vivado/2019.2/xhub/board_store/XilinxBoardStore/Vivado/2019.2/boards/Trenz_Electronic/TE0803_2CG_1E/2.0/2.0/board.xml as part xczu2cg-sfvc784-1-e specified in board_part file is either invalid or not available
WARNING: [Board 49-26] cannot add Board Part trenz.biz:te0803_2eg_1e:part0:1.0 available at C:/Users/minkyu/AppData/Roaming/Xilinx/Vivado/2019.2/xhub/board_store/XilinxBoardStore/Vivado/2019.2/boards/Trenz_Electronic/TE0803_2EG_1E/1.0/1.0/board.xml as part xczu2eg-sfvc784-1-e specified in board_part file is either invalid or not available
WARNING: [Board 49-26] cannot add Board Part trenz.biz:te0803_2eg_1e_tebf0808:part0:2.0 available at C:/Users/minkyu/AppData/Roaming/Xilinx/Vivado/2019.2/xhub/board_store/XilinxBoardStore/Vivado/2019.2/boards/Trenz_Electronic/TE0803_2EG_1E/2.0/2.0/board.xml as part xczu2eg-sfvc784-1-e specified in board_part file is either invalid or not available
WARNING: [Board 49-26] cannot add Board Part trenz.biz:te0803_3cg_1e:part0:1.0 available at C:/Users/minkyu/AppData/Roaming/Xilinx/Vivado/2019.2/xhub/board_store/XilinxBoardStore/Vivado/2019.2/boards/Trenz_Electronic/TE0803_3CG_1E/1.0/1.0/board.xml as part xczu3cg-sfvc784-1-e specified in board_part file is either invalid or not available
WARNING: [Board 49-26] cannot add Board Part trenz.biz:te0803_3cg_1e_tebf0808:part0:2.0 available at C:/Users/minkyu/AppData/Roaming/Xilinx/Vivado/2019.2/xhub/board_store/XilinxBoardStore/Vivado/2019.2/boards/Trenz_Electronic/TE0803_3CG_1E/2.0/2.0/board.xml as part xczu3cg-sfvc784-1-e specified in board_part file is either invalid or not available
WARNING: [Board 49-26] cannot add Board Part trenz.biz:te0803_3eg_1e:part0:1.0 available at C:/Users/minkyu/AppData/Roaming/Xilinx/Vivado/2019.2/xhub/board_store/XilinxBoardStore/Vivado/2019.2/boards/Trenz_Electronic/TE0803_3EG_1E/1.0/1.0/board.xml as part xczu3eg-sfvc784-1-e specified in board_part file is either invalid or not available
WARNING: [Board 49-26] cannot add Board Part trenz.biz:te0803_3eg_1e:part0:3.0 available at C:/Users/minkyu/AppData/Roaming/Xilinx/Vivado/2019.2/xhub/board_store/XilinxBoardStore/Vivado/2019.2/boards/Trenz_Electronic/TE0803_3EG_1E/3.0/3.0/board.xml as part xczu3eg-sfvc784-1-e specified in board_part file is either invalid or not available
WARNING: [Board 49-26] cannot add Board Part trenz.biz:te0803_3eg_1e_tebf0808:part0:2.0 available at C:/Users/minkyu/AppData/Roaming/Xilinx/Vivado/2019.2/xhub/board_store/XilinxBoardStore/Vivado/2019.2/boards/Trenz_Electronic/TE0803_3EG_1E/2.0/2.0/board.xml as part xczu3eg-sfvc784-1-e specified in board_part file is either invalid or not available
WARNING: [Board 49-26] cannot add Board Part trenz.biz:te0803_3eg_1e_tebf0808:part0:4.0 available at C:/Users/minkyu/AppData/Roaming/Xilinx/Vivado/2019.2/xhub/board_store/XilinxBoardStore/Vivado/2019.2/boards/Trenz_Electronic/TE0803_3EG_1E/4.0/4.0/board.xml as part xczu3eg-sfvc784-1-e specified in board_part file is either invalid or not available
WARNING: [Board 49-26] cannot add Board Part trenz.biz:te0803_4cg_1e:part0:1.0 available at C:/Users/minkyu/AppData/Roaming/Xilinx/Vivado/2019.2/xhub/board_store/XilinxBoardStore/Vivado/2019.2/boards/Trenz_Electronic/TE0803_4CG_1E/1.0/1.0/board.xml as part xczu4cg-sfvc784-1-e specified in board_part file is either invalid or not available
WARNING: [Board 49-26] cannot add Board Part trenz.biz:te0803_4cg_1e_tebf0808:part0:2.0 available at C:/Users/minkyu/AppData/Roaming/Xilinx/Vivado/2019.2/xhub/board_store/XilinxBoardStore/Vivado/2019.2/boards/Trenz_Electronic/TE0803_4CG_1E/2.0/2.0/board.xml as part xczu4cg-sfvc784-1-e specified in board_part file is either invalid or not available
WARNING: [Board 49-26] cannot add Board Part trenz.biz:te0803_4eg_1e:part0:1.0 available at C:/Users/minkyu/AppData/Roaming/Xilinx/Vivado/2019.2/xhub/board_store/XilinxBoardStore/Vivado/2019.2/boards/Trenz_Electronic/TE0803_4EG_1E/1.0/1.0/board.xml as part xczu4eg-sfvc784-1-e specified in board_part file is either invalid or not available
WARNING: [Board 49-26] cannot add Board Part trenz.biz:te0803_4eg_1e_tebf0808:part0:2.0 available at C:/Users/minkyu/AppData/Roaming/Xilinx/Vivado/2019.2/xhub/board_store/XilinxBoardStore/Vivado/2019.2/boards/Trenz_Electronic/TE0803_4EG_1E/2.0/2.0/board.xml as part xczu4eg-sfvc784-1-e specified in board_part file is either invalid or not available
WARNING: [Board 49-26] cannot add Board Part trenz.biz:te0803_4ev_1e:part0:1.0 available at C:/Users/minkyu/AppData/Roaming/Xilinx/Vivado/2019.2/xhub/board_store/XilinxBoardStore/Vivado/2019.2/boards/Trenz_Electronic/TE0803_4EV_1E/1.0/1.0/board.xml as part xczu4ev-sfvc784-1-e specified in board_part file is either invalid or not available
WARNING: [Board 49-26] cannot add Board Part trenz.biz:te0803_4ev_1e_tebf0808:part0:2.0 available at C:/Users/minkyu/AppData/Roaming/Xilinx/Vivado/2019.2/xhub/board_store/XilinxBoardStore/Vivado/2019.2/boards/Trenz_Electronic/TE0803_4EV_1E/2.0/2.0/board.xml as part xczu4ev-sfvc784-1-e specified in board_part file is either invalid or not available
WARNING: [Board 49-26] cannot add Board Part trenz.biz:te0803_5ev_1e:part0:1.0 available at C:/Users/minkyu/AppData/Roaming/Xilinx/Vivado/2019.2/xhub/board_store/XilinxBoardStore/Vivado/2019.2/boards/Trenz_Electronic/TE0803_5EV_1E/1.0/1.0/board.xml as part xczu5ev-sfvc784-1-e specified in board_part file is either invalid or not available
WARNING: [Board 49-26] cannot add Board Part trenz.biz:te0803_5ev_1e_tebf0808:part0:2.0 available at C:/Users/minkyu/AppData/Roaming/Xilinx/Vivado/2019.2/xhub/board_store/XilinxBoardStore/Vivado/2019.2/boards/Trenz_Electronic/TE0803_5EV_1E/2.0/2.0/board.xml as part xczu5ev-sfvc784-1-e specified in board_part file is either invalid or not available
WARNING: [Board 49-26] cannot add Board Part trenz.biz:te0803_5ev_1i:part0:1.0 available at C:/Users/minkyu/AppData/Roaming/Xilinx/Vivado/2019.2/xhub/board_store/XilinxBoardStore/Vivado/2019.2/boards/Trenz_Electronic/TE0803_5EV_1I/1.0/1.0/board.xml as part xczu5ev-sfvc784-1-i specified in board_part file is either invalid or not available
WARNING: [Board 49-26] cannot add Board Part trenz.biz:te0803_5ev_1i_tebf0808:part0:2.0 available at C:/Users/minkyu/AppData/Roaming/Xilinx/Vivado/2019.2/xhub/board_store/XilinxBoardStore/Vivado/2019.2/boards/Trenz_Electronic/TE0803_5EV_1I/2.0/2.0/board.xml as part xczu5ev-sfvc784-1-i specified in board_part file is either invalid or not available
WARNING: [Board 49-26] cannot add Board Part trenz.biz:te0808_15eg_1e:part0:3.0 available at C:/Users/minkyu/AppData/Roaming/Xilinx/Vivado/2019.2/xhub/board_store/XilinxBoardStore/Vivado/2019.2/boards/Trenz_Electronic/TE0808_15EG_1E/3.0/3.0/board.xml as part xczu15eg-ffvc900-1-e specified in board_part file is either invalid or not available
WARNING: [Board 49-26] cannot add Board Part trenz.biz:te0808_15eg_1e_tebf0808:part0:4.0 available at C:/Users/minkyu/AppData/Roaming/Xilinx/Vivado/2019.2/xhub/board_store/XilinxBoardStore/Vivado/2019.2/boards/Trenz_Electronic/TE0808_15EG_1E/4.0/4.0/board.xml as part xczu15eg-ffvc900-1-e specified in board_part file is either invalid or not available
WARNING: [Board 49-26] cannot add Board Part trenz.biz:te0808_6eg_1e:part0:3.0 available at C:/Users/minkyu/AppData/Roaming/Xilinx/Vivado/2019.2/xhub/board_store/XilinxBoardStore/Vivado/2019.2/boards/Trenz_Electronic/TE0808_6EG_1E/3.0/3.0/board.xml as part xczu6eg-ffvc900-1-e specified in board_part file is either invalid or not available
WARNING: [Board 49-26] cannot add Board Part trenz.biz:te0808_6eg_1e_tebf0808:part0:4.0 available at C:/Users/minkyu/AppData/Roaming/Xilinx/Vivado/2019.2/xhub/board_store/XilinxBoardStore/Vivado/2019.2/boards/Trenz_Electronic/TE0808_6EG_1E/4.0/4.0/board.xml as part xczu6eg-ffvc900-1-e specified in board_part file is either invalid or not available
WARNING: [Board 49-26] cannot add Board Part trenz.biz:te0820_2cg_1e:part0:1.0 available at C:/Users/minkyu/AppData/Roaming/Xilinx/Vivado/2019.2/xhub/board_store/XilinxBoardStore/Vivado/2019.2/boards/Trenz_Electronic/TE0820_2CG_1E/1.0/1.0/board.xml as part xczu2cg-sfvc784-1-e specified in board_part file is either invalid or not available
WARNING: [Board 49-26] cannot add Board Part trenz.biz:te0820_2eg_1e:part0:1.0 available at C:/Users/minkyu/AppData/Roaming/Xilinx/Vivado/2019.2/xhub/board_store/XilinxBoardStore/Vivado/2019.2/boards/Trenz_Electronic/TE0820_2EG_1E/1.0/1.0/board.xml as part xczu2eg-sfvc784-1-e specified in board_part file is either invalid or not available
WARNING: [Board 49-26] cannot add Board Part trenz.biz:te0820_2eg_1e:part0:2.0 available at C:/Users/minkyu/AppData/Roaming/Xilinx/Vivado/2019.2/xhub/board_store/XilinxBoardStore/Vivado/2019.2/boards/Trenz_Electronic/TE0820_2EG_1E/2.0/2.0/board.xml as part xczu2eg-sfvc784-1-e specified in board_part file is either invalid or not available
WARNING: [Board 49-26] cannot add Board Part trenz.biz:te0820_3cg_1e:part0:1.0 available at C:/Users/minkyu/AppData/Roaming/Xilinx/Vivado/2019.2/xhub/board_store/XilinxBoardStore/Vivado/2019.2/boards/Trenz_Electronic/TE0820_3CG_1E/1.0/1.0/board.xml as part xczu3cg-sfvc784-1-e specified in board_part file is either invalid or not available
WARNING: [Board 49-26] cannot add Board Part trenz.biz:te0820_3eg_1e:part0:1.0 available at C:/Users/minkyu/AppData/Roaming/Xilinx/Vivado/2019.2/xhub/board_store/XilinxBoardStore/Vivado/2019.2/boards/Trenz_Electronic/TE0820_3EG_1E/1.0/1.0/board.xml as part xczu3eg-sfvc784-1-e specified in board_part file is either invalid or not available
WARNING: [Board 49-26] cannot add Board Part trenz.biz:te0820_4cg_1e:part0:1.0 available at C:/Users/minkyu/AppData/Roaming/Xilinx/Vivado/2019.2/xhub/board_store/XilinxBoardStore/Vivado/2019.2/boards/Trenz_Electronic/TE0820_4CG_1E/1.0/1.0/board.xml as part xczu4cg-sfvc784-1-e specified in board_part file is either invalid or not available
WARNING: [Board 49-26] cannot add Board Part trenz.biz:tec0850_15eg_1e:part0:1.0 available at C:/Users/minkyu/AppData/Roaming/Xilinx/Vivado/2019.2/xhub/board_store/XilinxBoardStore/Vivado/2019.2/boards/Trenz_Electronic/TEC0850_15EG_1E/1.0/1.0/board.xml as part xczu15eg-ffvb1156-1-e specified in board_part file is either invalid or not available
WARNING: [Board 49-26] cannot add Board Part xilinx.com:au280_es1:part0:1.0 available at C:/Users/minkyu/AppData/Roaming/Xilinx/Vivado/2019.2/xhub/board_store/XilinxBoardStore/Vivado/2019.2/boards/Xilinx/au280/es1/1.0/1.0/board.xml as part xcu280-fsvh2892-2l-e-es1 specified in board_part file is either invalid or not available
WARNING: [Board 49-26] cannot add Board Part xilinx.com:au280_es1:part0:1.1 available at C:/Users/minkyu/AppData/Roaming/Xilinx/Vivado/2019.2/xhub/board_store/XilinxBoardStore/Vivado/2019.2/boards/Xilinx/au280/es1/1.1/1.1/board.xml as part xcu280-fsvh2892-2l-e-es1 specified in board_part file is either invalid or not available
WARNING: [Board 49-26] cannot add Board Part xilinx.com:kcu105:part0:1.6 available at C:/Users/minkyu/AppData/Roaming/Xilinx/Vivado/2019.2/xhub/board_store/XilinxBoardStore/Vivado/2019.2/boards/Xilinx/kcu105/1.6/1.6/board.xml as part xcku040-ffva1156-2-e specified in board_part file is either invalid or not available
WARNING: [Board 49-26] cannot add Board Part xilinx.com:kcu116:part0:1.4 available at C:/Users/minkyu/AppData/Roaming/Xilinx/Vivado/2019.2/xhub/board_store/XilinxBoardStore/Vivado/2019.2/boards/Xilinx/kcu116/1.4/1.4/board.xml as part xcku5p-ffvb676-2-e specified in board_part file is either invalid or not available
WARNING: [Board 49-26] cannot add Board Part xilinx.com:vcu108:part0:1.6 available at C:/Users/minkyu/AppData/Roaming/Xilinx/Vivado/2019.2/xhub/board_store/XilinxBoardStore/Vivado/2019.2/boards/Xilinx/vcu108/1.6/1.6/board.xml as part xcvu095-ffva2104-2-e specified in board_part file is either invalid or not available
WARNING: [Board 49-26] cannot add Board Part xilinx.com:vcu110:part0:1.4 available at C:/Users/minkyu/AppData/Roaming/Xilinx/Vivado/2019.2/xhub/board_store/XilinxBoardStore/Vivado/2019.2/boards/Xilinx/vcu110/1.4/1.4/board.xml as part xcvu190-flgc2104-2-e specified in board_part file is either invalid or not available
WARNING: [Board 49-26] cannot add Board Part xilinx.com:vcu128:part0:1.0 available at C:/Users/minkyu/AppData/Roaming/Xilinx/Vivado/2019.2/xhub/board_store/XilinxBoardStore/Vivado/2019.2/boards/Xilinx/vcu128/production/1.0/1.0/board.xml as part xcvu37p-fsvh2892-2l-e specified in board_part file is either invalid or not available
WARNING: [Board 49-26] cannot add Board Part xilinx.com:vcu128_es:part0:1.0 available at C:/Users/minkyu/AppData/Roaming/Xilinx/Vivado/2019.2/xhub/board_store/XilinxBoardStore/Vivado/2019.2/boards/Xilinx/vcu128/es/1.0/1.0/board.xml as part xcvu37p-fsvh2892-2l-e-es1 specified in board_part file is either invalid or not available
WARNING: [Board 49-26] cannot add Board Part xilinx.com:vcu128_es:part0:1.1 available at C:/Users/minkyu/AppData/Roaming/Xilinx/Vivado/2019.2/xhub/board_store/XilinxBoardStore/Vivado/2019.2/boards/Xilinx/vcu128/es/1.1/1.1/board.xml as part xcvu37p-fsvh2892-2l-e-es1 specified in board_part file is either invalid or not available
WARNING: [Board 49-26] cannot add Board Part xilinx.com:vcu129:part0:1.0 available at C:/Users/minkyu/AppData/Roaming/Xilinx/Vivado/2019.2/xhub/board_store/XilinxBoardStore/Vivado/2019.2/boards/Xilinx/vcu129/production/1.0/1.0/board.xml as part xcvu29p-fsga2577-2l-e specified in board_part file is either invalid or not available
WARNING: [Board 49-26] cannot add Board Part xilinx.com:vcu129_es:part0:1.0 available at C:/Users/minkyu/AppData/Roaming/Xilinx/Vivado/2019.2/xhub/board_store/XilinxBoardStore/Vivado/2019.2/boards/Xilinx/vcu129/es/1.0/1.0/board.xml as part xcvu29p-fsga2577-2l-e-es1 specified in board_part file is either invalid or not available
WARNING: [Board 49-26] cannot add Board Part xilinx.com:zcu111:part0:1.2 available at C:/Users/minkyu/AppData/Roaming/Xilinx/Vivado/2019.2/xhub/board_store/XilinxBoardStore/Vivado/2019.2/boards/Xilinx/zcu111/1.2/1.2/board.xml as part xczu28dr-ffvg1517-2-e specified in board_part file is either invalid or not available
WARNING: [Board 49-26] cannot add Board Part xilinx.com:zcu1275:part0:1.0 available at C:/Users/minkyu/AppData/Roaming/Xilinx/Vivado/2019.2/xhub/board_store/XilinxBoardStore/Vivado/2019.2/boards/Xilinx/zcu1275/1.0/1.0/board.xml as part xczu29dr-ffvf1760-2-e specified in board_part file is either invalid or not available
WARNING: [Board 49-26] cannot add Board Part xilinx.com:zcu1285:part0:1.0 available at C:/Users/minkyu/AppData/Roaming/Xilinx/Vivado/2019.2/xhub/board_store/XilinxBoardStore/Vivado/2019.2/boards/Xilinx/zcu1285/1.0/1.0/board.xml as part xczu39dr-ffvf1760-2-i specified in board_part file is either invalid or not available
WARNING: [Board 49-26] cannot add Board Part xilinx.com:zcu216_es:part0:1.0 available at C:/Users/minkyu/AppData/Roaming/Xilinx/Vivado/2019.2/xhub/board_store/XilinxBoardStore/Vivado/2019.2/boards/Xilinx/zcu216/1.0/1.0/board.xml as part xczu49dr-ffvf1760-2-e-es1 specified in board_part file is either invalid or not available
WARNING: [Board 49-26] cannot add Board Part em.avnet.com:ultra96:part0:1.2 available at C:/Users/minkyu/AppData/Roaming/Xilinx/Vivado/2019.2/xhub/board_store/XilinxBoardStore/Vivado/2019.2/boards/Avnet/ultra96/1.2/1.2/board.xml as part xczu3eg-sbva484-1-e specified in board_part file is either invalid or not available
WARNING: [Board 49-26] cannot add Board Part trenz.biz:te0803_2cg_1e:part0:1.0 available at C:/Users/minkyu/AppData/Roaming/Xilinx/Vivado/2019.2/xhub/board_store/XilinxBoardStore/Vivado/2019.2/boards/Trenz_Electronic/TE0803_2CG_1E/1.0/1.0/board.xml as part xczu2cg-sfvc784-1-e specified in board_part file is either invalid or not available
WARNING: [Board 49-26] cannot add Board Part trenz.biz:te0803_2cg_1e_tebf0808:part0:2.0 available at C:/Users/minkyu/AppData/Roaming/Xilinx/Vivado/2019.2/xhub/board_store/XilinxBoardStore/Vivado/2019.2/boards/Trenz_Electronic/TE0803_2CG_1E/2.0/2.0/board.xml as part xczu2cg-sfvc784-1-e specified in board_part file is either invalid or not available
WARNING: [Board 49-26] cannot add Board Part trenz.biz:te0803_2eg_1e:part0:1.0 available at C:/Users/minkyu/AppData/Roaming/Xilinx/Vivado/2019.2/xhub/board_store/XilinxBoardStore/Vivado/2019.2/boards/Trenz_Electronic/TE0803_2EG_1E/1.0/1.0/board.xml as part xczu2eg-sfvc784-1-e specified in board_part file is either invalid or not available
WARNING: [Board 49-26] cannot add Board Part trenz.biz:te0803_2eg_1e_tebf0808:part0:2.0 available at C:/Users/minkyu/AppData/Roaming/Xilinx/Vivado/2019.2/xhub/board_store/XilinxBoardStore/Vivado/2019.2/boards/Trenz_Electronic/TE0803_2EG_1E/2.0/2.0/board.xml as part xczu2eg-sfvc784-1-e specified in board_part file is either invalid or not available
WARNING: [Board 49-26] cannot add Board Part trenz.biz:te0803_3cg_1e:part0:1.0 available at C:/Users/minkyu/AppData/Roaming/Xilinx/Vivado/2019.2/xhub/board_store/XilinxBoardStore/Vivado/2019.2/boards/Trenz_Electronic/TE0803_3CG_1E/1.0/1.0/board.xml as part xczu3cg-sfvc784-1-e specified in board_part file is either invalid or not available
INFO: [Common 17-14] Message 'Board 49-26' appears 100 times and further instances of the messages will be disabled. Use the Tcl command set_msg_config to change the current settings.
close_project
create_project SPL C:/Users/minkyu/Documents/GitHub/SecuCepaLock_RTL_Team_Project/SPL -part xc7a35tcpg236-1
INFO: [IP_Flow 19-234] Refreshing IP repositories
INFO: [IP_Flow 19-1704] No user IP repositories specified
INFO: [IP_Flow 19-2313] Loaded Vivado IP repository 'C:/Xilinx/Vivado/2019.2/data/ip'.
create_project: Time (s): cpu = 00:00:08 ; elapsed = 00:00:07 . Memory (MB): peak = 2572.754 ; gain = 38.680
set_property board_part digilentinc.com:basys3:part0:1.1 [current_project]
exit
INFO: [Common 17-206] Exiting Vivado at Fri Aug 23 18:01:24 2024...
